

*******************************************************************************
Tue Oct 15 12:01:09 2024


FIT:    data read from 'temps.dat' u 1:2
        format = x:z
        #datapoints = 101
        residuals are weighted equally (unit weight)

function used for fitting: f(x)
	f(x) = a * (x) + b
fitted parameters initialized with current variable values

iter      chisq       delta/lim  lambda   a             b            
   0 2.7055953883e+13   0.00e+00  3.66e+05    1.000000e+00   1.000000e+00
  10 8.4102037918e-12  -1.05e-04  3.66e+04    9.536743e-05   4.365278e-08

After 10 iterations the fit converged.
final sum of squares of residuals : 8.4102e-12
rel. change during last iteration : -1.04551e-09

degrees of freedom    (FIT_NDF)                        : 99
rms of residuals      (FIT_STDFIT) = sqrt(WSSR/ndf)    : 2.91464e-07
variance of residuals (reduced chisquare) = WSSR/ndf   : 8.49516e-14

Final set of parameters            Asymptotic Standard Error
=======================            ==========================
a               = 9.53674e-05      +/- 1.112e-13    (1.166e-07%)
b               = 4.36528e-08      +/- 5.758e-08    (131.9%)

correlation matrix of the fit parameters:
                a      b      
a               1.000 
b              -0.864  1.000 


*******************************************************************************
Tue Oct 15 12:01:09 2024


FIT:    data read from 'temps.dat' u 1:3
        format = x:z
        #datapoints = 101
        residuals are weighted equally (unit weight)

function used for fitting: g(x)
	g(x) = c * (x) + d
fitted parameters initialized with current variable values

iter      chisq       delta/lim  lambda   c             d            
   0 2.7061086554e+13   0.00e+00  3.66e+05    1.000000e+00   1.000000e+00
   9 2.5728540423e-02  -4.03e-07  3.66e-04    1.856377e-08   3.052025e-01

After 9 iterations the fit converged.
final sum of squares of residuals : 0.0257285
rel. change during last iteration : -4.03048e-12

degrees of freedom    (FIT_NDF)                        : 99
rms of residuals      (FIT_STDFIT) = sqrt(WSSR/ndf)    : 0.0161209
variance of residuals (reduced chisquare) = WSSR/ndf   : 0.000259884

Final set of parameters            Asymptotic Standard Error
=======================            ==========================
c               = 1.85638e-08      +/- 6.152e-09    (33.14%)
d               = 0.305202         +/- 0.003185     (1.043%)

correlation matrix of the fit parameters:
                c      d      
c               1.000 
d              -0.864  1.000 


*******************************************************************************
Tue Oct 15 12:08:55 2024


FIT:    data read from 'temps.dat' u 1:2
        format = x:z
        #datapoints = 101
        residuals are weighted equally (unit weight)

function used for fitting: f(x)
	f(x) = a * (x) + b
fitted parameters initialized with current variable values

iter      chisq       delta/lim  lambda   a             b            
   0 2.7055953883e+13   0.00e+00  3.66e+05    1.000000e+00   1.000000e+00
  10 8.4102037918e-12  -1.05e-04  3.66e+04    9.536743e-05   4.365278e-08

After 10 iterations the fit converged.
final sum of squares of residuals : 8.4102e-12
rel. change during last iteration : -1.04551e-09

degrees of freedom    (FIT_NDF)                        : 99
rms of residuals      (FIT_STDFIT) = sqrt(WSSR/ndf)    : 2.91464e-07
variance of residuals (reduced chisquare) = WSSR/ndf   : 8.49516e-14

Final set of parameters            Asymptotic Standard Error
=======================            ==========================
a               = 9.53674e-05      +/- 1.112e-13    (1.166e-07%)
b               = 4.36528e-08      +/- 5.758e-08    (131.9%)

correlation matrix of the fit parameters:
                a      b      
a               1.000 
b              -0.864  1.000 


*******************************************************************************
Tue Oct 15 12:08:55 2024


FIT:    data read from 'temps.dat' u 1:4
        format = x:z
        #datapoints = 101
        residuals are weighted equally (unit weight)

function used for fitting: g(x)
	g(x) = c * (x) + d
fitted parameters initialized with current variable values

iter      chisq       delta/lim  lambda   c             d            
   0 2.7061085669e+13   0.00e+00  3.66e+05    1.000000e+00   1.000000e+00
   9 7.2303980477e-02  -1.30e-07  3.66e-04   -2.020720e-08   3.382234e-01

After 9 iterations the fit converged.
final sum of squares of residuals : 0.072304
rel. change during last iteration : -1.30114e-12

degrees of freedom    (FIT_NDF)                        : 99
rms of residuals      (FIT_STDFIT) = sqrt(WSSR/ndf)    : 0.0270249
variance of residuals (reduced chisquare) = WSSR/ndf   : 0.000730343

Final set of parameters            Asymptotic Standard Error
=======================            ==========================
c               = -2.02072e-08     +/- 1.031e-08    (51.04%)
d               = 0.338223         +/- 0.005339     (1.578%)

correlation matrix of the fit parameters:
                c      d      
c               1.000 
d              -0.864  1.000 


*******************************************************************************
Tue Oct 15 12:10:32 2024


FIT:    data read from 'temps.dat' u 1:2
        format = x:z
        #datapoints = 101
        residuals are weighted equally (unit weight)

function used for fitting: f(x)
	f(x) = a * (x) + b
fitted parameters initialized with current variable values

iter      chisq       delta/lim  lambda   a             b            
   0 2.7055953883e+13   0.00e+00  3.66e+05    1.000000e+00   1.000000e+00
  10 8.4102037918e-12  -1.05e-04  3.66e+04    9.536743e-05   4.365278e-08

After 10 iterations the fit converged.
final sum of squares of residuals : 8.4102e-12
rel. change during last iteration : -1.04551e-09

degrees of freedom    (FIT_NDF)                        : 99
rms of residuals      (FIT_STDFIT) = sqrt(WSSR/ndf)    : 2.91464e-07
variance of residuals (reduced chisquare) = WSSR/ndf   : 8.49516e-14

Final set of parameters            Asymptotic Standard Error
=======================            ==========================
a               = 9.53674e-05      +/- 1.112e-13    (1.166e-07%)
b               = 4.36528e-08      +/- 5.758e-08    (131.9%)

correlation matrix of the fit parameters:
                a      b      
a               1.000 
b              -0.864  1.000 


*******************************************************************************
Tue Oct 15 12:10:32 2024


FIT:    data read from 'temps.dat' u 1:4
        format = x:z
        #datapoints = 101
        residuals are weighted equally (unit weight)

function used for fitting: g(x)
	g(x) = c * (x) + d
fitted parameters initialized with current variable values

iter      chisq       delta/lim  lambda   c             d            
   0 2.7061086174e+13   0.00e+00  3.66e+05    1.000000e+00   1.000000e+00
   9 1.6947341746e-02  -6.00e-07  3.66e-04    1.431453e-08   3.119519e-01

After 9 iterations the fit converged.
final sum of squares of residuals : 0.0169473
rel. change during last iteration : -6.00114e-12

degrees of freedom    (FIT_NDF)                        : 99
rms of residuals      (FIT_STDFIT) = sqrt(WSSR/ndf)    : 0.0130838
variance of residuals (reduced chisquare) = WSSR/ndf   : 0.000171185

Final set of parameters            Asymptotic Standard Error
=======================            ==========================
c               = 1.43145e-08      +/- 4.993e-09    (34.88%)
d               = 0.311952         +/- 0.002585     (0.8285%)

correlation matrix of the fit parameters:
                c      d      
c               1.000 
d              -0.864  1.000 


*******************************************************************************
Tue Oct 15 12:15:07 2024


FIT:    data read from 'temps.dat' u 1:2
        format = x:z
        #datapoints = 101
        residuals are weighted equally (unit weight)

function used for fitting: f(x)
	f(x) = a * (x) + b
fitted parameters initialized with current variable values

iter      chisq       delta/lim  lambda   a             b            
   0 2.7055953883e+13   0.00e+00  3.66e+05    1.000000e+00   1.000000e+00
  10 8.4102037918e-12  -1.05e-04  3.66e+04    9.536743e-05   4.365278e-08

After 10 iterations the fit converged.
final sum of squares of residuals : 8.4102e-12
rel. change during last iteration : -1.04551e-09

degrees of freedom    (FIT_NDF)                        : 99
rms of residuals      (FIT_STDFIT) = sqrt(WSSR/ndf)    : 2.91464e-07
variance of residuals (reduced chisquare) = WSSR/ndf   : 8.49516e-14

Final set of parameters            Asymptotic Standard Error
=======================            ==========================
a               = 9.53674e-05      +/- 1.112e-13    (1.166e-07%)
b               = 4.36528e-08      +/- 5.758e-08    (131.9%)

correlation matrix of the fit parameters:
                a      b      
a               1.000 
b              -0.864  1.000 


*******************************************************************************
Tue Oct 15 12:15:08 2024


FIT:    data read from 'temps.dat' u 1:4
        format = x:z
        #datapoints = 101
        residuals are weighted equally (unit weight)

function used for fitting: g(x)
	g(x) = c * (x) + d
fitted parameters initialized with current variable values

iter      chisq       delta/lim  lambda   c             d            
   0 2.7061085880e+13   0.00e+00  3.66e+05    1.000000e+00   1.000000e+00
   9 1.6270756654e-02  -6.19e-07  3.66e-04    1.415625e-08   3.152977e-01

After 9 iterations the fit converged.
final sum of squares of residuals : 0.0162708
rel. change during last iteration : -6.18949e-12

degrees of freedom    (FIT_NDF)                        : 99
rms of residuals      (FIT_STDFIT) = sqrt(WSSR/ndf)    : 0.0128199
variance of residuals (reduced chisquare) = WSSR/ndf   : 0.000164351

Final set of parameters            Asymptotic Standard Error
=======================            ==========================
c               = 1.41562e-08      +/- 4.893e-09    (34.56%)
d               = 0.315298         +/- 0.002532     (0.8032%)

correlation matrix of the fit parameters:
                c      d      
c               1.000 
d              -0.864  1.000 


*******************************************************************************
Tue Oct 15 12:21:11 2024


FIT:    data read from 'temps.dat' using 1:2
        format = x:z
        #datapoints = 101
        residuals are weighted equally (unit weight)

function used for fitting: f(x)
	f(x) = a * x + b
fitted parameters initialized with current variable values

iter      chisq       delta/lim  lambda   a             b            
   0 2.7055953883e+13   0.00e+00  3.66e+05    1.000000e+00   1.000000e+00
  10 8.4102037918e-12  -1.05e-04  3.66e+04    9.536743e-05   4.365278e-08

After 10 iterations the fit converged.
final sum of squares of residuals : 8.4102e-12
rel. change during last iteration : -1.04551e-09

degrees of freedom    (FIT_NDF)                        : 99
rms of residuals      (FIT_STDFIT) = sqrt(WSSR/ndf)    : 2.91464e-07
variance of residuals (reduced chisquare) = WSSR/ndf   : 8.49516e-14

Final set of parameters            Asymptotic Standard Error
=======================            ==========================
a               = 9.53674e-05      +/- 1.112e-13    (1.166e-07%)
b               = 4.36528e-08      +/- 5.758e-08    (131.9%)

correlation matrix of the fit parameters:
                a      b      
a               1.000 
b              -0.864  1.000 


*******************************************************************************
Tue Oct 15 12:21:11 2024


FIT:    data read from 'temps.dat' using 1:4
        format = x:z
        #datapoints = 101
        residuals are weighted equally (unit weight)

function used for fitting: g(x)
	g(x) = c * log(x) + d
fitted parameters initialized with current variable values

iter      chisq       delta/lim  lambda   c             d            
   0 1.8100505565e+04   0.00e+00  9.01e+00    1.000000e+00   1.000000e+00
   5 9.6670292399e-04  -1.40e-06  9.01e-05    1.296949e-04   3.151618e-01

After 5 iterations the fit converged.
final sum of squares of residuals : 0.000966703
rel. change during last iteration : -1.40498e-11

degrees of freedom    (FIT_NDF)                        : 99
rms of residuals      (FIT_STDFIT) = sqrt(WSSR/ndf)    : 0.00312485
variance of residuals (reduced chisquare) = WSSR/ndf   : 9.76468e-06

Final set of parameters            Asymptotic Standard Error
=======================            ==========================
c               = 0.000129695      +/- 0.0002222    (171.4%)
d               = 0.315162         +/- 0.002824     (0.8961%)

correlation matrix of the fit parameters:
                c      d      
c               1.000 
d              -0.994  1.000 


*******************************************************************************
Tue Oct 15 12:39:31 2024


FIT:    data read from 'temps.dat' using 1:2
        format = x:z
        #datapoints = 101
        residuals are weighted equally (unit weight)

function used for fitting: f(x)
	f(x) = a * x + b
fitted parameters initialized with current variable values

iter      chisq       delta/lim  lambda   a             b            
   0 2.7055953883e+13   0.00e+00  3.66e+05    1.000000e+00   1.000000e+00
  10 8.4102037918e-12  -1.05e-04  3.66e+04    9.536743e-05   4.365278e-08

After 10 iterations the fit converged.
final sum of squares of residuals : 8.4102e-12
rel. change during last iteration : -1.04551e-09

degrees of freedom    (FIT_NDF)                        : 99
rms of residuals      (FIT_STDFIT) = sqrt(WSSR/ndf)    : 2.91464e-07
variance of residuals (reduced chisquare) = WSSR/ndf   : 8.49516e-14

Final set of parameters            Asymptotic Standard Error
=======================            ==========================
a               = 9.53674e-05      +/- 1.112e-13    (1.166e-07%)
b               = 4.36528e-08      +/- 5.758e-08    (131.9%)

correlation matrix of the fit parameters:
                a      b      
a               1.000 
b              -0.864  1.000 


*******************************************************************************
Fri Oct 18 05:15:51 2024


FIT:    data read from 'temps.dat' using 1:2
        format = x:z
        #datapoints = 101
        residuals are weighted equally (unit weight)

function used for fitting: f(x)
	f(x) = a * x + b
fitted parameters initialized with current variable values

iter      chisq       delta/lim  lambda   a             b            
   0 2.7055953883e+13   0.00e+00  3.66e+05    1.000000e+00   1.000000e+00
  10 8.4102037918e-12  -1.05e-04  3.66e+04    9.536743e-05   4.365278e-08

After 10 iterations the fit converged.
final sum of squares of residuals : 8.4102e-12
rel. change during last iteration : -1.04551e-09

degrees of freedom    (FIT_NDF)                        : 99
rms of residuals      (FIT_STDFIT) = sqrt(WSSR/ndf)    : 2.91464e-07
variance of residuals (reduced chisquare) = WSSR/ndf   : 8.49516e-14

Final set of parameters            Asymptotic Standard Error
=======================            ==========================
a               = 9.53674e-05      +/- 1.112e-13    (1.166e-07%)
b               = 4.36528e-08      +/- 5.758e-08    (131.9%)

correlation matrix of the fit parameters:
                a      b      
a               1.000 
b              -0.864  1.000 
